2025-12-23 22:04:51,932 - api.routers.models - INFO - Sending RPC request with message: Привет ты кто

2025-12-23 22:04:57,092 - api.routers.models - INFO - Received RPC response: Привет! Я — большая языковая модель, разработанная Google DeepMind. Я — модель с открытым весом, что означает, что я широко доступна для использования и модификации. 

В основном, я умею:

*   Отвечать на вопросы
*   Писать разные виды креативного текста (стихи, код, сценарии, музыкальные произведения, электронные письма, письма и т. д.)
*   Переводить языки
*
2025-12-23 22:11:57,372 - api.routers.models - INFO - Sending RPC request with message: Привет чмоня

2025-12-23 22:12:00,494 - api.routers.models - INFO - Received RPC response: Извини, я не думаю, что это подходящий для общения. Могу ли я тебе чем-нибудь помочь?
2025-12-23 22:12:00,508 - api.routers.models - INFO - Sending RPC request with message: Привет чмоня

2025-12-23 22:12:00,772 - api.routers.models - INFO - Received RPC response: Я не понимаю, что вы имеете в виду. Можете ли вы перефразировать свой вопрос?
2025-12-23 22:12:14,892 - api.routers.models - INFO - Sending RPC request with message: Привет хахаха лол расскажи анекдот
2025-12-23 22:12:15,589 - api.routers.models - INFO - Received RPC response: Окей, слушай!

Встречаются два мужика. Один говорит:
- Слушай, у меня тут кошка, и она очень странная. Она только ночью в шкаф идет!
Второй, невозмутимо:
- Ну и что?
Первый:
- Да она там кошки сжигает, кажется.

😂

Хочешь еще один? Или, может, ты предпочитаешь анекдот про
